TN:
SF:app.js
FNF:0
FNH:0
DA:1,1
DA:2,1
DA:3,1
DA:4,1
DA:5,1
DA:6,1
DA:7,1
DA:8,1
DA:9,1
DA:11,1
DA:13,1
DA:14,1
DA:15,1
DA:16,1
DA:17,1
DA:18,1
DA:21,1
DA:22,1
DA:25,1
DA:27,1
LF:20
LH:20
BRF:0
BRH:0
end_of_record
TN:
SF:controllers\hotelController.js
FN:4,(anonymous_0)
FN:9,(anonymous_1)
FN:11,(anonymous_2)
FN:19,(anonymous_3)
FN:33,(anonymous_4)
FN:37,(anonymous_5)
FNF:6
FNH:6
FNDA:3,(anonymous_0)
FNDA:6,(anonymous_1)
FNDA:9,(anonymous_2)
FNDA:3,(anonymous_3)
FNDA:6,(anonymous_4)
FNDA:11,(anonymous_5)
DA:1,4
DA:4,4
DA:5,3
DA:9,4
DA:10,6
DA:11,9
DA:12,6
DA:13,3
DA:15,3
DA:19,4
DA:20,3
DA:22,3
DA:28,3
DA:29,3
DA:33,4
DA:34,6
DA:35,6
DA:37,11
DA:38,6
DA:39,3
DA:42,3
DA:43,3
DA:44,3
DA:46,3
LF:24
LH:24
BRDA:12,0,0,3
BRDA:12,0,1,3
BRDA:38,1,0,3
BRDA:38,1,1,3
BRDA:42,2,0,3
BRDA:42,2,1,0
BRDA:43,3,0,3
BRDA:43,3,1,0
BRDA:44,4,0,3
BRDA:44,4,1,0
BRF:10
BRH:7
end_of_record
TN:
SF:controllers\userController.js
FN:5,(anonymous_0)
FN:9,(anonymous_1)
FN:15,(anonymous_2)
FNF:3
FNH:3
FNDA:5,(anonymous_0)
FNDA:11,(anonymous_1)
FNDA:3,(anonymous_2)
DA:1,2
DA:2,2
DA:5,2
DA:6,5
DA:9,11
DA:10,5
DA:11,2
DA:15,3
DA:16,3
DA:19,3
DA:20,3
DA:21,3
LF:12
LH:12
BRDA:10,0,0,2
BRDA:10,0,1,3
BRDA:16,1,0,0
BRDA:16,1,1,3
BRF:4
BRH:3
end_of_record
TN:
SF:middleware\authMiddleware.js
FN:4,(anonymous_0)
FN:21,(anonymous_1)
FN:27,(anonymous_2)
FNF:3
FNH:3
FNDA:6,(anonymous_0)
FNDA:3,(anonymous_1)
FNDA:2,(anonymous_2)
DA:1,2
DA:2,2
DA:4,2
DA:6,6
DA:7,6
DA:8,2
DA:12,4
DA:13,4
DA:14,4
DA:16,4
DA:17,1
DA:21,3
DA:22,3
DA:23,1
DA:27,2
DA:28,2
DA:29,0
DA:30,0
DA:33,2
DA:34,1
DA:36,1
DA:39,2
LF:22
LH:20
BRDA:7,0,0,2
BRDA:7,0,1,4
BRDA:7,1,0,6
BRDA:7,1,1,5
BRDA:16,2,0,1
BRDA:16,2,1,3
BRDA:16,3,0,4
BRDA:16,3,1,3
BRDA:22,4,0,1
BRDA:22,4,1,2
BRDA:28,5,0,0
BRDA:28,5,1,2
BRDA:33,6,0,1
BRDA:33,6,1,1
BRF:14
BRH:13
end_of_record
TN:
SF:middleware\errorHandler.js
FN:1,(anonymous_0)
FNF:1
FNH:1
FNDA:1,(anonymous_0)
DA:1,1
DA:2,1
DA:8,1
LF:3
LH:3
BRDA:2,0,0,1
BRDA:2,0,1,0
BRDA:3,1,0,1
BRDA:3,1,1,0
BRDA:4,2,0,0
BRDA:4,2,1,1
BRF:6
BRH:3
end_of_record
TN:
SF:models\hotel.js
FNF:0
FNH:0
DA:1,4
LF:1
LH:1
BRF:0
BRH:0
end_of_record
TN:
SF:models\user.js
FNF:0
FNH:0
DA:1,2
LF:1
LH:1
BRF:0
BRH:0
end_of_record
TN:
SF:routes\hotelRoutes.js
FNF:0
FNH:0
DA:1,1
DA:2,1
DA:3,1
DA:4,1
DA:7,1
DA:8,1
DA:11,1
DA:12,1
DA:14,1
LF:9
LH:9
BRF:0
BRH:0
end_of_record
TN:
SF:routes\userRoutes.js
FNF:0
FNH:0
DA:1,1
DA:2,1
DA:3,1
DA:6,1
DA:8,1
LF:5
LH:5
BRF:0
BRH:0
end_of_record
